<?xml version="1.0" encoding="UTF-8"?>
<coverage generated="1540476257">
  <project timestamp="1540476257">
    <package name="Controlabs\Helper">
      <file name="/home/carlos.rodrigues/webdev/controlabs/php-jwt-helper/src/Controlabs/Helper/JWT.php">
        <class name="Controlabs\Helper\JWT" namespace="Controlabs\Helper">
          <metrics complexity="12" methods="7" coveredmethods="7" conditionals="0" coveredconditionals="0" statements="26" coveredstatements="26" elements="33" coveredelements="33"/>
        </class>
        <line num="16" type="method" name="__construct" visibility="public" complexity="1" crap="1" count="4"/>
        <line num="18" type="stmt" count="4"/>
        <line num="19" type="stmt" count="4"/>
        <line num="20" type="stmt" count="4"/>
        <line num="33" type="method" name="encode" visibility="public" complexity="1" crap="1" count="3"/>
        <line num="35" type="stmt" count="3"/>
        <line num="37" type="stmt" count="3"/>
        <line num="38" type="stmt" count="3"/>
        <line num="39" type="stmt" count="3"/>
        <line num="40" type="stmt" count="3"/>
        <line num="41" type="stmt" count="3"/>
        <line num="42" type="stmt" count="3"/>
        <line num="45" type="stmt" count="3"/>
        <line num="56" type="method" name="decode" visibility="public" complexity="3" crap="3" count="3"/>
        <line num="59" type="stmt" count="3"/>
        <line num="61" type="stmt" count="1"/>
        <line num="62" type="stmt" count="2"/>
        <line num="63" type="stmt" count="2"/>
        <line num="74" type="method" name="payload" visibility="public" complexity="1" crap="1" count="4"/>
        <line num="76" type="stmt" count="4"/>
        <line num="78" type="stmt" count="3"/>
        <line num="79" type="stmt" count="3"/>
        <line num="90" type="method" name="segments" visibility="protected" complexity="2" crap="2" count="4"/>
        <line num="92" type="stmt" count="4"/>
        <line num="94" type="stmt" count="4"/>
        <line num="95" type="stmt" count="1"/>
        <line num="98" type="stmt" count="3"/>
        <line num="109" type="method" name="expires" visibility="protected" complexity="2" crap="2" count="3"/>
        <line num="111" type="stmt" count="3"/>
        <line num="122" type="method" name="exceptionHandler" visibility="protected" complexity="2" crap="2" count="2"/>
        <line num="124" type="stmt" count="2"/>
        <line num="125" type="stmt" count="1"/>
        <line num="127" type="stmt" count="1"/>
        <metrics loc="129" ncloc="80" classes="1" methods="7" coveredmethods="7" conditionals="0" coveredconditionals="0" statements="26" coveredstatements="26" elements="33" coveredelements="33"/>
      </file>
    </package>
    <file name="/home/carlos.rodrigues/webdev/controlabs/php-jwt-helper/src/Controlabs/Helper/JWTInterface.php">
      <metrics loc="12" ncloc="12" classes="0" methods="0" coveredmethods="0" conditionals="0" coveredconditionals="0" statements="0" coveredstatements="0" elements="0" coveredelements="0"/>
    </file>
    <metrics files="2" loc="141" ncloc="92" classes="1" methods="7" coveredmethods="7" conditionals="0" coveredconditionals="0" statements="26" coveredstatements="26" elements="33" coveredelements="33"/>
  </project>
</coverage>
